<?xml version="1.0" encoding="UTF-8"?>
<!-- Generated by org.testng.reporters.JUnitReportReporter -->
<testsuite skipped="0" hostname="9801a7ac1a6b.ant.amazon.com" name="tests.BaseClass" tests="1" failures="0" timestamp="24 Nov 2019 16:20:07 GMT" time="54.626" errors="0">
  <testcase name="quickRide_Automation" time="54.626" classname="tests.BaseClass"/>
</testsuite> <!-- tests.BaseClass -->
